Determining if the pthread_create exist failed with the following output:
Change Dir: /home/kaist/DesignLab/20170699/EE405_MotorControl/build/CMakeFiles/CMakeTmp

Run Build Command:"/usr/bin/make" "cmTC_1cda6/fast"
/usr/bin/make -f CMakeFiles/cmTC_1cda6.dir/build.make CMakeFiles/cmTC_1cda6.dir/build
make[1]: Entering directory '/home/kaist/DesignLab/20170699/EE405_MotorControl/build/CMakeFiles/CMakeTmp'
Building CXX object CMakeFiles/cmTC_1cda6.dir/CheckSymbolExists.cxx.o
/usr/bin/arm-linux-gnueabihf-g++     -o CMakeFiles/cmTC_1cda6.dir/CheckSymbolExists.cxx.o -c /home/kaist/DesignLab/20170699/EE405_MotorControl/build/CMakeFiles/CMakeTmp/CheckSymbolExists.cxx
Linking CXX executable cmTC_1cda6
/usr/bin/cmake -E cmake_link_script CMakeFiles/cmTC_1cda6.dir/link.txt --verbose=1
/usr/bin/arm-linux-gnueabihf-g++       CMakeFiles/cmTC_1cda6.dir/CheckSymbolExists.cxx.o  -o cmTC_1cda6 
CMakeFiles/cmTC_1cda6.dir/CheckSymbolExists.cxx.o: In function `main':
CheckSymbolExists.cxx:(.text+0x2c): undefined reference to `pthread_create'
collect2: error: ld returned 1 exit status
CMakeFiles/cmTC_1cda6.dir/build.make:97: recipe for target 'cmTC_1cda6' failed
make[1]: *** [cmTC_1cda6] Error 1
make[1]: Leaving directory '/home/kaist/DesignLab/20170699/EE405_MotorControl/build/CMakeFiles/CMakeTmp'
Makefile:126: recipe for target 'cmTC_1cda6/fast' failed
make: *** [cmTC_1cda6/fast] Error 2

File /home/kaist/DesignLab/20170699/EE405_MotorControl/build/CMakeFiles/CMakeTmp/CheckSymbolExists.cxx:
/* */
#include <pthread.h>

int main(int argc, char** argv)
{
  (void)argv;
#ifndef pthread_create
  return ((int*)(&pthread_create))[argc];
#else
  (void)argc;
  return 0;
#endif
}

Determining if the function pthread_create exists in the pthreads failed with the following output:
Change Dir: /home/kaist/DesignLab/20170699/EE405_MotorControl/build/CMakeFiles/CMakeTmp

Run Build Command:"/usr/bin/make" "cmTC_18e6f/fast"
/usr/bin/make -f CMakeFiles/cmTC_18e6f.dir/build.make CMakeFiles/cmTC_18e6f.dir/build
make[1]: Entering directory '/home/kaist/DesignLab/20170699/EE405_MotorControl/build/CMakeFiles/CMakeTmp'
Building CXX object CMakeFiles/cmTC_18e6f.dir/CheckFunctionExists.cxx.o
/usr/bin/arm-linux-gnueabihf-g++    -DCHECK_FUNCTION_EXISTS=pthread_create   -o CMakeFiles/cmTC_18e6f.dir/CheckFunctionExists.cxx.o -c /home/kaist/DesignLab/20170699/EE405_MotorControl/build/CMakeFiles/CheckLibraryExists/CheckFunctionExists.cxx
Linking CXX executable cmTC_18e6f
/usr/bin/cmake -E cmake_link_script CMakeFiles/cmTC_18e6f.dir/link.txt --verbose=1
/usr/bin/arm-linux-gnueabihf-g++   -DCHECK_FUNCTION_EXISTS=pthread_create    CMakeFiles/cmTC_18e6f.dir/CheckFunctionExists.cxx.o  -o cmTC_18e6f -lpthreads 
/usr/lib/gcc-cross/arm-linux-gnueabihf/7/../../../../arm-linux-gnueabihf/bin/ld: cannot find -lpthreads
collect2: error: ld returned 1 exit status
CMakeFiles/cmTC_18e6f.dir/build.make:97: recipe for target 'cmTC_18e6f' failed
make[1]: *** [cmTC_18e6f] Error 1
make[1]: Leaving directory '/home/kaist/DesignLab/20170699/EE405_MotorControl/build/CMakeFiles/CMakeTmp'
Makefile:126: recipe for target 'cmTC_18e6f/fast' failed
make: *** [cmTC_18e6f/fast] Error 2


